.\Debug\FreePcb.bsc
.\Debug\FreePcb.pdb
D:\FREEPCBDEV\FREEPCB_2\DEBUG\FREEPCB.BSC
D:\FreePCBDev\FreePCB-2\.\Debug\FreePcb.exe
D:\FREEPCBDEV\FREEPCB-2\DEBUG\ADDITIONAL.OBJ
D:\FreePCBDev\FreePCB-2\Debug\Additional.sbr
D:\FREEPCBDEV\FREEPCB-2\DEBUG\AFXASERT.OBJ
D:\FreePCBDev\FreePCB-2\Debug\afxasert.sbr
D:\FreePCBDev\FreePCB-2\Debug\BscMake.command.1.tlog
D:\FreePCBDev\FreePCB-2\Debug\bscmake.read.1.tlog
D:\FreePCBDev\FreePCB-2\Debug\bscmake.write.1.tlog
D:\FreePCBDev\FreePCB-2\Debug\cl.command.1.tlog
D:\FreePCBDev\FreePCB-2\Debug\CL.read.1.tlog
D:\FreePCBDev\FreePCB-2\Debug\CL.write.1.tlog
D:\FREEPCBDEV\FREEPCB-2\DEBUG\CUID.OBJ
D:\FreePCBDev\FreePCB-2\Debug\Cuid.sbr
D:\FREEPCBDEV\FREEPCB-2\DEBUG\DESIGNRULES.OBJ
D:\FreePCBDev\FreePCB-2\Debug\DesignRules.sbr
D:\FREEPCBDEV\FREEPCB-2\DEBUG\DISPLAYLIST.OBJ
D:\FreePCBDev\FreePCB-2\Debug\DisplayList.sbr
D:\FREEPCBDEV\FREEPCB-2\DEBUG\DLG_OPENSCAD.OBJ
D:\FreePCBDev\FreePCB-2\Debug\Dlg_OpenScad.sbr
D:\FREEPCBDEV\FREEPCB-2\DEBUG\DLGADDAREA.OBJ
D:\FreePCBDev\FreePCB-2\Debug\DlgAddArea.sbr
D:\FREEPCBDEV\FREEPCB-2\DEBUG\DLGADDCODE.OBJ
D:\FreePCBDev\FreePCB-2\Debug\DlgAddCode.sbr
D:\FREEPCBDEV\FREEPCB-2\DEBUG\DLGADDHOLE.OBJ
D:\FreePCBDev\FreePCB-2\Debug\DlgAddHole.sbr
D:\FREEPCBDEV\FREEPCB-2\DEBUG\DLGADDMASKCUTOUT.OBJ
D:\FreePCBDev\FreePCB-2\Debug\DlgAddMaskCutout.sbr
D:\FREEPCBDEV\FREEPCB-2\DEBUG\DLGADDMERGE.OBJ
D:\FreePCBDev\FreePCB-2\Debug\DlgAddMerge.sbr
D:\FREEPCBDEV\FREEPCB-2\DEBUG\DLGADDMODULE.OBJ
D:\FreePCBDev\FreePCB-2\Debug\DlgAddModule.sbr
D:\FREEPCBDEV\FREEPCB-2\DEBUG\DLGADDNET.OBJ
D:\FreePCBDev\FreePCB-2\Debug\DlgAddNet.sbr
D:\FREEPCBDEV\FREEPCB-2\DEBUG\DLGADDPART.OBJ
D:\FreePCBDev\FreePCB-2\Debug\DlgAddPart.sbr
D:\FREEPCBDEV\FREEPCB-2\DEBUG\DLGADDPIN.OBJ
D:\FreePCBDev\FreePCB-2\Debug\DlgAddPin.sbr
D:\FREEPCBDEV\FREEPCB-2\DEBUG\DLGADDPOLY.OBJ
D:\FreePCBDev\FreePCB-2\Debug\DlgAddPoly.sbr
D:\FREEPCBDEV\FREEPCB-2\DEBUG\DLGADDTEXT.OBJ
D:\FreePCBDev\FreePCB-2\Debug\DlgAddText.sbr
D:\FREEPCBDEV\FREEPCB-2\DEBUG\DLGADDWIDTH.OBJ
D:\FreePCBDev\FreePCB-2\Debug\DlgAddWidth.sbr
D:\FREEPCBDEV\FREEPCB-2\DEBUG\DLGAREALAYER.OBJ
D:\FreePCBDev\FreePCB-2\Debug\DlgAreaLayer.sbr
D:\FREEPCBDEV\FREEPCB-2\DEBUG\DLGASSIGNNET.OBJ
D:\FreePCBDev\FreePCB-2\Debug\DlgAssignNet.sbr
D:\FREEPCBDEV\FREEPCB-2\DEBUG\DLGCAD.OBJ
D:\FreePCBDev\FreePCB-2\Debug\DlgCAD.sbr
D:\FREEPCBDEV\FREEPCB-2\DEBUG\DLGCENTROID.OBJ
D:\FreePCBDev\FreePCB-2\Debug\DlgCentroid.sbr
D:\FREEPCBDEV\FREEPCB-2\DEBUG\DLGCHANGELAYER.OBJ
D:\FreePCBDev\FreePCB-2\Debug\DlgChangeLayer.sbr
D:\FREEPCBDEV\FREEPCB-2\DEBUG\DLGCHOOSENETNAME.OBJ
D:\FreePCBDev\FreePCB-2\Debug\DlgChooseNetName.sbr
D:\FREEPCBDEV\FREEPCB-2\DEBUG\DLGCROP.OBJ
D:\FreePCBDev\FreePCB-2\Debug\DlgCrop.sbr
D:\FREEPCBDEV\FREEPCB-2\DEBUG\DLGDRC.OBJ
D:\FreePCBDev\FreePCB-2\Debug\DlgDRC.sbr
D:\FREEPCBDEV\FREEPCB-2\DEBUG\DLGDUPFOOTPRINTNAME.OBJ
D:\FreePCBDev\FreePCB-2\Debug\DlgDupFootprintName.sbr
D:\FREEPCBDEV\FREEPCB-2\DEBUG\DLGEDITBOARDCORNER.OBJ
D:\FreePCBDev\FreePCB-2\Debug\DlgEditBoardCorner.sbr
D:\FREEPCBDEV\FREEPCB-2\DEBUG\DLGEDITNET.OBJ
D:\FreePCBDev\FreePCB-2\Debug\DlgEditNet.sbr
D:\FREEPCBDEV\FREEPCB-2\DEBUG\DLGENTERSTR.OBJ
D:\FreePCBDev\FreePCB-2\Debug\DlgEnterStr.sbr
D:\FREEPCBDEV\FREEPCB-2\DEBUG\DLGEXPORTDSN.OBJ
D:\FreePCBDev\FreePCB-2\Debug\DlgExportDsn.sbr
D:\FREEPCBDEV\FREEPCB-2\DEBUG\DLGFINDPART.OBJ
D:\FreePCBDev\FreePCB-2\Debug\DlgFindPart.sbr
D:\FREEPCBDEV\FREEPCB-2\DEBUG\DLGFPREFTEXT.OBJ
D:\FreePCBDev\FreePCB-2\Debug\DlgFpRefText.sbr
D:\FREEPCBDEV\FREEPCB-2\DEBUG\DLGFPTEXT.OBJ
D:\FreePCBDev\FreePCB-2\Debug\DlgFpText.sbr
D:\FREEPCBDEV\FREEPCB-2\DEBUG\DLGGLUE.OBJ
D:\FreePCBDev\FreePCB-2\Debug\DlgGlue.sbr
D:\FREEPCBDEV\FREEPCB-2\DEBUG\DLGGROUPPASTE.OBJ
D:\FreePCBDev\FreePCB-2\Debug\DlgGroupPaste.sbr
D:\FREEPCBDEV\FREEPCB-2\DEBUG\DLGHOLE.OBJ
D:\FreePCBDev\FreePCB-2\Debug\DlgHole.sbr
D:\FREEPCBDEV\FREEPCB-2\DEBUG\DLGIMPORTFOOTPRINT.OBJ
D:\FreePCBDev\FreePCB-2\Debug\DlgImportFootprint.sbr
D:\FREEPCBDEV\FREEPCB-2\DEBUG\DLGIMPORTOPTIONS.OBJ
D:\FreePCBDev\FreePCB-2\Debug\DlgImportOptions.sbr
D:\FREEPCBDEV\FREEPCB-2\DEBUG\DLGIMPORTSES.OBJ
D:\FreePCBDev\FreePCB-2\Debug\DlgImportSes.sbr
D:\FREEPCBDEV\FREEPCB-2\DEBUG\DLGINDEXING.OBJ
D:\FreePCBDev\FreePCB-2\Debug\DlgIndexing.sbr
D:\FREEPCBDEV\FREEPCB-2\DEBUG\DLGIVEX.OBJ
D:\FreePCBDev\FreePCB-2\Debug\DlgIvex.sbr
D:\FREEPCBDEV\FREEPCB-2\DEBUG\DLGLAYERS.OBJ
D:\FreePCBDev\FreePCB-2\Debug\DlgLayers.sbr
D:\FREEPCBDEV\FREEPCB-2\DEBUG\DLGLIBRARYMANAGER.OBJ
D:\FreePCBDev\FreePCB-2\Debug\DlgLibraryManager.sbr
D:\FREEPCBDEV\FREEPCB-2\DEBUG\DLGLOG.OBJ
D:\FreePCBDev\FreePCB-2\Debug\DlgLog.sbr
D:\FREEPCBDEV\FREEPCB-2\DEBUG\DLGMOVEORIGIN.OBJ
D:\FreePCBDev\FreePCB-2\Debug\DlgMoveOrigin.sbr
D:\FREEPCBDEV\FREEPCB-2\DEBUG\DLGMYMESSAGEBOX.OBJ
D:\FreePCBDev\FreePCB-2\Debug\DlgMyMessageBox.sbr
D:\FREEPCBDEV\FREEPCB-2\DEBUG\DLGMYMESSAGEBOX2.OBJ
D:\FreePCBDev\FreePCB-2\Debug\DlgMyMessageBox2.sbr
D:\FREEPCBDEV\FREEPCB-2\DEBUG\DLGNETCOMBINE.OBJ
D:\FreePCBDev\FreePCB-2\Debug\DlgNetCombine.sbr
D:\FREEPCBDEV\FREEPCB-2\DEBUG\DLGNETLIST.OBJ
D:\FreePCBDev\FreePCB-2\Debug\DlgNetlist.sbr
D:\FREEPCBDEV\FREEPCB-2\DEBUG\DLGPARTLIST.OBJ
D:\FreePCBDev\FreePCB-2\Debug\DlgPartlist.sbr
D:\FREEPCBDEV\FREEPCB-2\DEBUG\DLGPDFCOLORS.OBJ
D:\FreePCBDev\FreePCB-2\Debug\DlgPDFColors.sbr
D:\FREEPCBDEV\FREEPCB-2\DEBUG\DLGPROJECTOPTIONS.OBJ
D:\FreePCBDev\FreePCB-2\Debug\DlgProjectOptions.sbr
D:\FREEPCBDEV\FREEPCB-2\DEBUG\DLGPROTECTION.OBJ
D:\FreePCBDev\FreePCB-2\Debug\DlgProtection.sbr
D:\FREEPCBDEV\FREEPCB-2\DEBUG\DLGREASSIGNLAYERS.OBJ
D:\FreePCBDev\FreePCB-2\Debug\DlgReassignLayers.sbr
D:\FREEPCBDEV\FREEPCB-2\DEBUG\DLGREFTEXT.OBJ
D:\FreePCBDev\FreePCB-2\Debug\DlgRefText.sbr
D:\FREEPCBDEV\FREEPCB-2\DEBUG\DLGREPORT.OBJ
D:\FreePCBDev\FreePCB-2\Debug\DlgReport.sbr
D:\FREEPCBDEV\FREEPCB-2\DEBUG\DLGSAVEFOOTPRINT.OBJ
D:\FreePCBDev\FreePCB-2\Debug\DlgSaveFootprint.sbr
D:\FREEPCBDEV\FREEPCB-2\DEBUG\DLGSAVELIB.OBJ
D:\FreePCBDev\FreePCB-2\Debug\DlgSaveLib.sbr
D:\FREEPCBDEV\FREEPCB-2\DEBUG\DLGSETAREAHATCH.OBJ
D:\FreePCBDev\FreePCB-2\Debug\DlgSetAreaHatch.sbr
D:\FREEPCBDEV\FREEPCB-2\DEBUG\DLGSETSEGMENTWIDTH.OBJ
D:\FreePCBDev\FreePCB-2\Debug\DlgSetSegmentWidth.sbr
D:\FREEPCBDEV\FREEPCB-2\DEBUG\DLGSETTRACEWIDTHS.OBJ
D:\FreePCBDev\FreePCB-2\Debug\DlgSetTraceWidths.sbr
D:\FREEPCBDEV\FREEPCB-2\DEBUG\DLGSHORTCUTS.OBJ
D:\FreePCBDev\FreePCB-2\Debug\DlgShortcuts.sbr
D:\FREEPCBDEV\FREEPCB-2\DEBUG\DLGSIDESTYLE.OBJ
D:\FreePCBDev\FreePCB-2\Debug\DlgSideStyle.sbr
D:\FREEPCBDEV\FREEPCB-2\DEBUG\DLGSLOT.OBJ
D:\FreePCBDev\FreePCB-2\Debug\DlgSlot.sbr
D:\FREEPCBDEV\FREEPCB-2\DEBUG\DLGVALUETEXT.OBJ
D:\FreePCBDev\FreePCB-2\Debug\DlgValueText.sbr
D:\FREEPCBDEV\FREEPCB-2\DEBUG\DLGVIA.OBJ
D:\FreePCBDev\FreePCB-2\Debug\DlgVia.sbr
D:\FREEPCBDEV\FREEPCB-2\DEBUG\DLGVIAGRIG.OBJ
D:\FreePCBDev\FreePCB-2\Debug\DlgViaGrig.sbr
D:\FREEPCBDEV\FREEPCB-2\DEBUG\DLGWIZQUAD.OBJ
D:\FreePCBDev\FreePCB-2\Debug\DlgWizQuad.sbr
D:\FREEPCBDEV\FREEPCB-2\DEBUG\FILE_IO.OBJ
D:\FreePCBDev\FreePCB-2\Debug\file_io.sbr
D:\FREEPCBDEV\FREEPCB-2\DEBUG\FOOTPRINTLIB.OBJ
D:\FreePCBDev\FreePCB-2\Debug\FootprintLib.sbr
D:\FREEPCBDEV\FREEPCB-2\DEBUG\FOOTPRINTVIEW.OBJ
D:\FreePCBDev\FreePCB-2\Debug\FootprintView.sbr
D:\FreePCBDev\FreePCB-2\Debug\FreePcb.bsc
D:\FREEPCBDEV\FREEPCB-2\DEBUG\FREEPCB.EXE
D:\FREEPCBDEV\FREEPCB-2\DEBUG\FREEPCB.OBJ
D:\FreePCBDev\FreePCB-2\Debug\FreePcb.pch
D:\FreePCBDev\FreePCB-2\Debug\FreePcb.pdb
D:\FREEPCBDEV\FREEPCB-2\DEBUG\FREEPCB.RES
D:\FreePCBDev\FreePCB-2\Debug\FreePcb.sbr
D:\FreePCBDev\FreePCB-2\Debug\FreePcb.vcxprojResolveAssemblyReference.cache
D:\FreePCBDev\FreePCB-2\Debug\FreePcb.write.1.tlog
D:\FREEPCBDEV\FREEPCB-2\DEBUG\FREEPCBDOC.OBJ
D:\FreePCBDev\FreePCB-2\Debug\FreePcbDoc.sbr
D:\FREEPCBDEV\FREEPCB-2\DEBUG\FREEPCBVIEW.OBJ
D:\FreePCBDev\FreePCB-2\Debug\FreePcbView.sbr
D:\FREEPCBDEV\FREEPCB-2\DEBUG\GERBER.OBJ
D:\FreePCBDev\FreePCB-2\Debug\Gerber.sbr
D:\FREEPCBDEV\FREEPCB-2\DEBUG\GPC_232.OBJ
D:\FreePCBDev\FreePCB-2\Debug\gpc_232.sbr
D:\FREEPCBDEV\FREEPCB-2\DEBUG\IVEX_MOD_FILE.OBJ
D:\FreePCBDev\FreePCB-2\Debug\ivex_mod_file.sbr
D:\FreePCBDev\FreePCB-2\Debug\link.13060.read.1.tlog
D:\FreePCBDev\FreePCB-2\Debug\link.13060.write.1.tlog
D:\FreePCBDev\FreePCB-2\Debug\link.13060-cvtres.read.1.tlog
D:\FreePCBDev\FreePCB-2\Debug\link.13060-cvtres.write.1.tlog
D:\FreePCBDev\FreePCB-2\Debug\link.command.1.tlog
D:\FreePCBDev\FreePCB-2\Debug\link.read.1.tlog
D:\FreePCBDev\FreePCB-2\Debug\link.read.2.tlog
D:\FreePCBDev\FreePCB-2\Debug\link.write.1.tlog
D:\FreePCBDev\FreePCB-2\Debug\link-cvtres.read.1.tlog
D:\FreePCBDev\FreePCB-2\Debug\link-cvtres.write.1.tlog
D:\FREEPCBDEV\FREEPCB-2\DEBUG\MAINFRM.OBJ
D:\FreePCBDev\FreePCB-2\Debug\MainFrm.sbr
D:\FREEPCBDEV\FREEPCB-2\DEBUG\MYTOOLBAR.OBJ
D:\FreePCBDev\FreePCB-2\Debug\MyToolBar.sbr
D:\FREEPCBDEV\FREEPCB-2\DEBUG\NET_ITER.OBJ
D:\FreePCBDev\FreePCB-2\Debug\Net_iter.sbr
D:\FREEPCBDEV\FREEPCB-2\DEBUG\NETLIST.OBJ
D:\FreePCBDev\FreePCB-2\Debug\NetList.sbr
D:\FREEPCBDEV\FREEPCB-2\DEBUG\PARTLIST.OBJ
D:\FreePCBDev\FreePCB-2\Debug\PartList.sbr
D:\FREEPCBDEV\FREEPCB-2\DEBUG\PATHDIALOG.OBJ
D:\FreePCBDev\FreePCB-2\Debug\PathDialog.sbr
D:\FREEPCBDEV\FREEPCB-2\DEBUG\PHP_POLYGON.OBJ
D:\FreePCBDev\FreePCB-2\Debug\php_polygon.sbr
D:\FREEPCBDEV\FREEPCB-2\DEBUG\PHP_POLYGON_VERTEX.OBJ
D:\FreePCBDev\FreePCB-2\Debug\php_polygon_vertex.sbr
D:\FREEPCBDEV\FREEPCB-2\DEBUG\POLYLINE.OBJ
D:\FreePCBDev\FreePCB-2\Debug\PolyLine.sbr
D:\FREEPCBDEV\FREEPCB-2\DEBUG\QAFDEBUG.OBJ
D:\FreePCBDev\FreePCB-2\Debug\QAFDebug.sbr
D:\FreePCBDev\FreePCB-2\Debug\rc.command.1.tlog
D:\FreePCBDev\FreePCB-2\Debug\rc.read.1.tlog
D:\FreePCBDev\FreePCB-2\Debug\rc.write.1.tlog
D:\FREEPCBDEV\FREEPCB-2\DEBUG\RECTARRAY.OBJ
D:\FreePCBDev\FreePCB-2\Debug\RectArray.sbr
D:\FREEPCBDEV\FREEPCB-2\DEBUG\RTCALL.OBJ
D:\FreePCBDev\FreePCB-2\Debug\RTcall.sbr
D:\FREEPCBDEV\FREEPCB-2\DEBUG\SHAPE.OBJ
D:\FreePCBDev\FreePCB-2\Debug\Shape.sbr
D:\FREEPCBDEV\FREEPCB-2\DEBUG\SMCHARACTER.OBJ
D:\FreePCBDev\FreePCB-2\Debug\smcharacter.sbr
D:\FREEPCBDEV\FREEPCB-2\DEBUG\SMFONTUTIL.OBJ
D:\FreePCBDev\FreePCB-2\Debug\smfontutil.sbr
D:\FREEPCBDEV\FREEPCB-2\DEBUG\SPEEDFILES.OBJ
D:\FreePCBDev\FreePCB-2\Debug\SpeedFiles.sbr
D:\FREEPCBDEV\FREEPCB-2\DEBUG\STDAFX.OBJ
D:\FreePCBDev\FreePCB-2\Debug\StdAfx.sbr
D:\FREEPCBDEV\FREEPCB-2\DEBUG\TEXTLIST.OBJ
D:\FreePCBDev\FreePCB-2\Debug\TextList.sbr
D:\FREEPCBDEV\FREEPCB-2\DEBUG\UNDOLIST.OBJ
D:\FreePCBDev\FreePCB-2\Debug\UndoList.sbr
D:\FREEPCBDEV\FREEPCB-2\DEBUG\UTILITY.OBJ
D:\FreePCBDev\FreePCB-2\Debug\utility.sbr
D:\FreePCBDev\FreePCB-2\Debug\vc100.idb
D:\FREEPCBDEV\FREEPCB-2\DEBUG\VC100.PDB
D:\FREEPCBDEV\FREEPCB-2\RELEASE\FREEPCB.PCH
