  StdAfx.cpp
  utility.cpp
  UndoList.cpp
  TextList.cpp
  SpeedFiles.cpp
  smfontutil.cpp
  smcharacter.cpp
  Shape.cpp
  RTcall.cpp
  RectArray.cpp
  QAFDebug.cpp
  PolyLine.cpp
  php_polygon_vertex.cpp
  php_polygon.cpp
  PathDialog.cpp
  PartList.cpp
  NetList.cpp
  Net_iter.cpp
  MyToolBar.cpp
  MainFrm.cpp
  ivex_mod_file.cpp
  Компиляция...
  gpc_232.cpp
  Gerber.cpp
  FreePcbView.cpp
  FreePcbDoc.cpp
  FreePcb.cpp
  FootprintView.cpp
  FootprintLib.cpp
  file_io.cpp
  Dlg_OpenScad.cpp
  DlgWizQuad.cpp
  DlgViaGrig.cpp
  DlgVia.cpp
  DlgValueText.cpp
  DlgSlot.cpp
  DlgSideStyle.cpp
  DlgShortcuts.cpp
  DlgSetTraceWidths.cpp
  DlgSetSegmentWidth.cpp
  DlgSetAreaHatch.cpp
  DlgSaveLib.cpp
  Компиляция...
  DlgSaveFootprint.cpp
  DlgReport.cpp
  DlgRefText.cpp
  DlgReassignLayers.cpp
  DlgProtection.cpp
  DlgProjectOptions.cpp
  DlgPDFColors.cpp
  DlgPartlist.cpp
  DlgNetlist.cpp
  DlgNetCombine.cpp
  DlgMyMessageBox2.cpp
  DlgMyMessageBox.cpp
  DlgMoveOrigin.cpp
  DlgLog.cpp
  DlgLibraryManager.cpp
  DlgLayers.cpp
  DlgIvex.cpp
  DlgIndexing.cpp
  DlgImportSes.cpp
  DlgImportOptions.cpp
  Компиляция...
  DlgImportFootprint.cpp
  DlgHole.cpp
  DlgGroupPaste.cpp
  DlgGlue.cpp
  DlgFpText.cpp
  DlgFpRefText.cpp
  DlgFindPart.cpp
  DlgExportDsn.cpp
  DlgEnterStr.cpp
  DlgEditNet.cpp
  DlgEditBoardCorner.cpp
  DlgDupFootprintName.cpp
  DlgDRC.cpp
  DlgCrop.cpp
  DlgChooseNetName.cpp
  DlgChangeLayer.cpp
  DlgCentroid.cpp
  DlgCAD.cpp
  DlgAssignNet.cpp
  DlgAreaLayer.cpp
  Компиляция...
  DlgAddWidth.cpp
  DlgAddText.cpp
  DlgAddPoly.cpp
  DlgAddPin.cpp
  DlgAddPart.cpp
  DlgAddNet.cpp
  DlgAddModule.cpp
  DlgAddMerge.cpp
  DlgAddMaskCutout.cpp
  DlgAddHole.cpp
  DlgAddCode.cpp
  DlgAddArea.cpp
  DisplayList.cpp
  DesignRules.cpp
  Cuid.cpp
  afxasert.cpp
  Additional.cpp
  Создание кода
  Создание кода завершено
  FreePcb.vcxproj -> D:\FreePCBDev\FreePCB-2\.\Debug\ПлатФорм.exe
