D:\FreePCBDev\FreePCB-2\.\Debug\ПлатФорм.exe
D:\FREEPCBDEV\FREEPCB-2\DEBUG\ADDITIONAL.OBJ
D:\FREEPCBDEV\FREEPCB-2\DEBUG\AFXASERT.OBJ
D:\FreePCBDev\FreePCB-2\Debug\cl.command.1.tlog
D:\FreePCBDev\FreePCB-2\Debug\CL.read.1.tlog
D:\FreePCBDev\FreePCB-2\Debug\CL.write.1.tlog
D:\FREEPCBDEV\FREEPCB-2\DEBUG\CUID.OBJ
D:\FREEPCBDEV\FREEPCB-2\DEBUG\DESIGNRULES.OBJ
D:\FREEPCBDEV\FREEPCB-2\DEBUG\DISPLAYLIST.OBJ
D:\FREEPCBDEV\FREEPCB-2\DEBUG\DLG_OPENSCAD.OBJ
D:\FREEPCBDEV\FREEPCB-2\DEBUG\DLGADDAREA.OBJ
D:\FREEPCBDEV\FREEPCB-2\DEBUG\DLGADDCODE.OBJ
D:\FREEPCBDEV\FREEPCB-2\DEBUG\DLGADDHOLE.OBJ
D:\FREEPCBDEV\FREEPCB-2\DEBUG\DLGADDMASKCUTOUT.OBJ
D:\FREEPCBDEV\FREEPCB-2\DEBUG\DLGADDMERGE.OBJ
D:\FREEPCBDEV\FREEPCB-2\DEBUG\DLGADDMODULE.OBJ
D:\FREEPCBDEV\FREEPCB-2\DEBUG\DLGADDNET.OBJ
D:\FREEPCBDEV\FREEPCB-2\DEBUG\DLGADDPART.OBJ
D:\FREEPCBDEV\FREEPCB-2\DEBUG\DLGADDPIN.OBJ
D:\FREEPCBDEV\FREEPCB-2\DEBUG\DLGADDPOLY.OBJ
D:\FREEPCBDEV\FREEPCB-2\DEBUG\DLGADDTEXT.OBJ
D:\FREEPCBDEV\FREEPCB-2\DEBUG\DLGADDWIDTH.OBJ
D:\FREEPCBDEV\FREEPCB-2\DEBUG\DLGAREALAYER.OBJ
D:\FREEPCBDEV\FREEPCB-2\DEBUG\DLGASSIGNNET.OBJ
D:\FREEPCBDEV\FREEPCB-2\DEBUG\DLGCAD.OBJ
D:\FREEPCBDEV\FREEPCB-2\DEBUG\DLGCENTROID.OBJ
D:\FREEPCBDEV\FREEPCB-2\DEBUG\DLGCHANGELAYER.OBJ
D:\FREEPCBDEV\FREEPCB-2\DEBUG\DLGCHOOSENETNAME.OBJ
D:\FREEPCBDEV\FREEPCB-2\DEBUG\DLGCROP.OBJ
D:\FREEPCBDEV\FREEPCB-2\DEBUG\DLGDRC.OBJ
D:\FREEPCBDEV\FREEPCB-2\DEBUG\DLGDUPFOOTPRINTNAME.OBJ
D:\FREEPCBDEV\FREEPCB-2\DEBUG\DLGEDITBOARDCORNER.OBJ
D:\FREEPCBDEV\FREEPCB-2\DEBUG\DLGEDITNET.OBJ
D:\FREEPCBDEV\FREEPCB-2\DEBUG\DLGENTERSTR.OBJ
D:\FREEPCBDEV\FREEPCB-2\DEBUG\DLGEXPORTDSN.OBJ
D:\FREEPCBDEV\FREEPCB-2\DEBUG\DLGFINDPART.OBJ
D:\FREEPCBDEV\FREEPCB-2\DEBUG\DLGFPREFTEXT.OBJ
D:\FREEPCBDEV\FREEPCB-2\DEBUG\DLGFPTEXT.OBJ
D:\FREEPCBDEV\FREEPCB-2\DEBUG\DLGGLUE.OBJ
D:\FREEPCBDEV\FREEPCB-2\DEBUG\DLGGROUPPASTE.OBJ
D:\FREEPCBDEV\FREEPCB-2\DEBUG\DLGHOLE.OBJ
D:\FREEPCBDEV\FREEPCB-2\DEBUG\DLGIMPORTFOOTPRINT.OBJ
D:\FREEPCBDEV\FREEPCB-2\DEBUG\DLGIMPORTOPTIONS.OBJ
D:\FREEPCBDEV\FREEPCB-2\DEBUG\DLGIMPORTSES.OBJ
D:\FREEPCBDEV\FREEPCB-2\DEBUG\DLGINDEXING.OBJ
D:\FREEPCBDEV\FREEPCB-2\DEBUG\DLGIVEX.OBJ
D:\FREEPCBDEV\FREEPCB-2\DEBUG\DLGLAYERS.OBJ
D:\FREEPCBDEV\FREEPCB-2\DEBUG\DLGLIBRARYMANAGER.OBJ
D:\FREEPCBDEV\FREEPCB-2\DEBUG\DLGLOG.OBJ
D:\FREEPCBDEV\FREEPCB-2\DEBUG\DLGMOVEORIGIN.OBJ
D:\FREEPCBDEV\FREEPCB-2\DEBUG\DLGMYMESSAGEBOX.OBJ
D:\FREEPCBDEV\FREEPCB-2\DEBUG\DLGMYMESSAGEBOX2.OBJ
D:\FREEPCBDEV\FREEPCB-2\DEBUG\DLGNETCOMBINE.OBJ
D:\FREEPCBDEV\FREEPCB-2\DEBUG\DLGNETLIST.OBJ
D:\FREEPCBDEV\FREEPCB-2\DEBUG\DLGPARTLIST.OBJ
D:\FREEPCBDEV\FREEPCB-2\DEBUG\DLGPDFCOLORS.OBJ
D:\FREEPCBDEV\FREEPCB-2\DEBUG\DLGPROJECTOPTIONS.OBJ
D:\FREEPCBDEV\FREEPCB-2\DEBUG\DLGPROTECTION.OBJ
D:\FREEPCBDEV\FREEPCB-2\DEBUG\DLGREASSIGNLAYERS.OBJ
D:\FREEPCBDEV\FREEPCB-2\DEBUG\DLGREFTEXT.OBJ
D:\FREEPCBDEV\FREEPCB-2\DEBUG\DLGREPORT.OBJ
D:\FREEPCBDEV\FREEPCB-2\DEBUG\DLGSAVEFOOTPRINT.OBJ
D:\FREEPCBDEV\FREEPCB-2\DEBUG\DLGSAVELIB.OBJ
D:\FREEPCBDEV\FREEPCB-2\DEBUG\DLGSETAREAHATCH.OBJ
D:\FREEPCBDEV\FREEPCB-2\DEBUG\DLGSETSEGMENTWIDTH.OBJ
D:\FREEPCBDEV\FREEPCB-2\DEBUG\DLGSETTRACEWIDTHS.OBJ
D:\FREEPCBDEV\FREEPCB-2\DEBUG\DLGSHORTCUTS.OBJ
D:\FREEPCBDEV\FREEPCB-2\DEBUG\DLGSIDESTYLE.OBJ
D:\FREEPCBDEV\FREEPCB-2\DEBUG\DLGSLOT.OBJ
D:\FREEPCBDEV\FREEPCB-2\DEBUG\DLGVALUETEXT.OBJ
D:\FREEPCBDEV\FREEPCB-2\DEBUG\DLGVIA.OBJ
D:\FREEPCBDEV\FREEPCB-2\DEBUG\DLGVIAGRIG.OBJ
D:\FREEPCBDEV\FREEPCB-2\DEBUG\DLGWIZQUAD.OBJ
D:\FREEPCBDEV\FREEPCB-2\DEBUG\FILE_IO.OBJ
D:\FREEPCBDEV\FREEPCB-2\DEBUG\FOOTPRINTLIB.OBJ
D:\FREEPCBDEV\FREEPCB-2\DEBUG\FOOTPRINTVIEW.OBJ
D:\FREEPCBDEV\FREEPCB-2\DEBUG\FREEPCB.OBJ
D:\FREEPCBDEV\FREEPCB-2\DEBUG\FREEPCB.RES
D:\FREEPCBDEV\FREEPCB-2\DEBUG\FREEPCBDOC.OBJ
D:\FREEPCBDEV\FREEPCB-2\DEBUG\FREEPCBVIEW.OBJ
D:\FREEPCBDEV\FREEPCB-2\DEBUG\GERBER.OBJ
D:\FREEPCBDEV\FREEPCB-2\DEBUG\GPC_232.OBJ
D:\FREEPCBDEV\FREEPCB-2\DEBUG\IVEX_MOD_FILE.OBJ
D:\FreePCBDev\FreePCB-2\Debug\link.command.1.tlog
D:\FreePCBDev\FreePCB-2\Debug\link.read.1.tlog
D:\FreePCBDev\FreePCB-2\Debug\link.write.1.tlog
D:\FreePCBDev\FreePCB-2\Debug\link-cvtres.read.1.tlog
D:\FreePCBDev\FreePCB-2\Debug\link-cvtres.write.1.tlog
D:\FREEPCBDEV\FREEPCB-2\DEBUG\MAINFRM.OBJ
D:\FREEPCBDEV\FREEPCB-2\DEBUG\MYTOOLBAR.OBJ
D:\FREEPCBDEV\FREEPCB-2\DEBUG\NET_ITER.OBJ
D:\FREEPCBDEV\FREEPCB-2\DEBUG\NETLIST.OBJ
D:\FREEPCBDEV\FREEPCB-2\DEBUG\PARTLIST.OBJ
D:\FREEPCBDEV\FREEPCB-2\DEBUG\PATHDIALOG.OBJ
D:\FREEPCBDEV\FREEPCB-2\DEBUG\PHP_POLYGON.OBJ
D:\FREEPCBDEV\FREEPCB-2\DEBUG\PHP_POLYGON_VERTEX.OBJ
D:\FREEPCBDEV\FREEPCB-2\DEBUG\POLYLINE.OBJ
D:\FREEPCBDEV\FREEPCB-2\DEBUG\QAFDEBUG.OBJ
D:\FreePCBDev\FreePCB-2\Debug\rc.command.1.tlog
D:\FreePCBDev\FreePCB-2\Debug\rc.read.1.tlog
D:\FreePCBDev\FreePCB-2\Debug\rc.write.1.tlog
D:\FREEPCBDEV\FREEPCB-2\DEBUG\RECTARRAY.OBJ
D:\FREEPCBDEV\FREEPCB-2\DEBUG\RTCALL.OBJ
D:\FREEPCBDEV\FREEPCB-2\DEBUG\SHAPE.OBJ
D:\FREEPCBDEV\FREEPCB-2\DEBUG\SMCHARACTER.OBJ
D:\FREEPCBDEV\FREEPCB-2\DEBUG\SMFONTUTIL.OBJ
D:\FREEPCBDEV\FREEPCB-2\DEBUG\SPEEDFILES.OBJ
D:\FREEPCBDEV\FREEPCB-2\DEBUG\STDAFX.OBJ
D:\FREEPCBDEV\FREEPCB-2\DEBUG\TEXTLIST.OBJ
D:\FREEPCBDEV\FREEPCB-2\DEBUG\UNDOLIST.OBJ
D:\FREEPCBDEV\FREEPCB-2\DEBUG\UTILITY.OBJ
D:\FreePCBDev\FreePCB-2\Debug\vc100.idb
D:\FREEPCBDEV\FREEPCB-2\DEBUG\VC100.PDB
D:\FREEPCBDEV\FREEPCB-2\DEBUG\ПлатФорм.EXE
D:\FREEPCBDEV\FREEPCB-2\RELEASE\FREEPCB.PCH
