Построение начато 24.11.2020 18:01:40.
     1>Проект "C:\FreePcbDev\FreePCB_2\FreePcb.vcxproj" в узле 2 (целевые объекты build).
     1>InitializeBuildStatus:
         Создание ".\Release\FreePcb.unsuccessfulbuild", так как было задано "AlwaysCreate".
       ClCompile:
         C:\Program Files (x86)\Microsoft Visual Studio 10.0\VC\bin\CL.exe /c /I./include /Zi /nologo /W1 /WX- /O2 /Ob1 /Ot /Oy- /GT /D WIN32 /D _WINDOWS /D _VC80_UPGRADE=0x0710 /D _MBCS /D _AFXDLL /GF /Gm- /EHsc /MD /GS /Gy /fp:precise /Zc:wchar_t /Zc:forScope /Yc"stdafx.h" /Fp".\Release/FreePcb.pch" /Fo".\Release/" /Fd".\Release/vc100.pdb" /Gd /TP /analyze- /errorReport:prompt Cuid.cpp DesignRules.cpp DisplayList.cpp DlgAddArea.cpp DlgAddMaskCutout.cpp DlgAddMerge.cpp DlgAddNet.cpp DlgAddPart.cpp DlgAddPin.cpp DlgAddPoly.cpp DlgAddText.cpp DlgAddWidth.cpp DlgAreaLayer.cpp DlgAssignNet.cpp DlgCAD.cpp DlgCentroid.cpp DlgChangeLayer.cpp DlgChooseNetName.cpp DlgCrop.cpp DlgDRC.cpp DlgDupFootprintName.cpp DlgEditBoardCorner.cpp DlgEditNet.cpp DlgExportDsn.cpp DlgFindPart.cpp DlgFpRefText.cpp DlgFpText.cpp DlgGlue.cpp DlgGroupPaste.cpp DlgHole.cpp DlgImportFootprint.cpp DlgImportOptions.cpp DlgImportSes.cpp DlgIndexing.cpp DlgIvex.cpp DlgLayers.cpp DlgLibraryManager.cpp DlgLog.cpp DlgMoveOrigin.cpp DlgMyMessageBox.cpp DlgMyMessageBox2.cpp DlgNetCombine.cpp DlgNetlist.cpp DlgPartlist.cpp DlgProjectOptions.cpp DlgReassignLayers.cpp DlgRefText.cpp DlgReport.cpp DlgSaveFootprint.cpp DlgSaveLib.cpp DlgSetAreaHatch.cpp DlgSetSegmentWidth.cpp DlgSetTraceWidths.cpp DlgShortcuts.cpp DlgSideStyle.cpp DlgSlot.cpp DlgValueText.cpp DlgVia.cpp DlgWizQuad.cpp FootprintLib.cpp FootprintView.cpp FreePcb.cpp FreePcbDoc.cpp FreePcbView.cpp Gerber.cpp MainFrm.cpp MyToolBar.cpp NetList.cpp Net_iter.cpp PartList.cpp PathDialog.cpp PolyLine.cpp QAFDebug.cpp RTcall.cpp Shape.cpp StdAfx.cpp TextList.cpp UndoList.cpp afxasert.cpp file_io.cpp gpc_232.cpp smcharacter.cpp smfontutil.cpp utility.cpp /D "_CRT_SECURE_NO_DEPRECATE" 
         Cuid.cpp
         DesignRules.cpp
         DisplayList.cpp
         DlgAddArea.cpp
         DlgAddMaskCutout.cpp
         DlgAddMerge.cpp
         DlgAddNet.cpp
         DlgAddPart.cpp
         DlgAddPin.cpp
         DlgAddPoly.cpp
         DlgAddText.cpp
         DlgAddWidth.cpp
         DlgAreaLayer.cpp
         DlgAssignNet.cpp
         DlgCAD.cpp
         DlgCentroid.cpp
         DlgChangeLayer.cpp
         DlgChooseNetName.cpp
         DlgCrop.cpp
         DlgDRC.cpp
         DlgDupFootprintName.cpp
         DlgEditBoardCorner.cpp
         DlgEditNet.cpp
         DlgExportDsn.cpp
         DlgFindPart.cpp
         DlgFpRefText.cpp
         DlgFpText.cpp
         DlgGlue.cpp
         DlgGroupPaste.cpp
         DlgHole.cpp
         DlgImportFootprint.cpp
         DlgImportOptions.cpp
         DlgImportSes.cpp
         DlgIndexing.cpp
         DlgIvex.cpp
         DlgLayers.cpp
         DlgLibraryManager.cpp
         DlgLog.cpp
         DlgMoveOrigin.cpp
         DlgMyMessageBox.cpp
         DlgMyMessageBox2.cpp
         DlgNetCombine.cpp
         DlgNetlist.cpp
         DlgPartlist.cpp
         DlgProjectOptions.cpp
         DlgReassignLayers.cpp
         DlgRefText.cpp
         DlgReport.cpp
         DlgSaveFootprint.cpp
         DlgSaveLib.cpp
         DlgSetAreaHatch.cpp
         DlgSetSegmentWidth.cpp
         DlgSetTraceWidths.cpp
         DlgShortcuts.cpp
         DlgSideStyle.cpp
         DlgSlot.cpp
         DlgValueText.cpp
         DlgVia.cpp
         DlgWizQuad.cpp
         FootprintLib.cpp
         FootprintView.cpp
         FreePcb.cpp
         FreePcbDoc.cpp
         FreePcbView.cpp
         Gerber.cpp
         MainFrm.cpp
         MyToolBar.cpp
         NetList.cpp
         Net_iter.cpp
         PartList.cpp
         PathDialog.cpp
         PolyLine.cpp
         QAFDebug.cpp
         RTcall.cpp
         Shape.cpp
         StdAfx.cpp
         TextList.cpp
         UndoList.cpp
         afxasert.cpp
         file_io.cpp
         gpc_232.cpp
         smcharacter.cpp
         smfontutil.cpp
         utility.cpp
       ResourceCompile:
         Для всех выходных данных обновления не требуется.
       Link:
         C:\Program Files (x86)\Microsoft Visual Studio 10.0\VC\bin\link.exe /ERRORREPORT:PROMPT /OUT:".\Release/FreePcb.exe" /INCREMENTAL:NO /NOLOGO /LIBPATH:./libs/Release winmm.lib rpcrt4.lib clibpdf.lib /MANIFEST:NO /ALLOWISOLATION:NO /PDB:".\Release/FreePcb.pdb" /SUBSYSTEM:WINDOWS /LTCG /TLBID:1 /DYNAMICBASE /NXCOMPAT /IMPLIB:".\Release\FreePcb.lib" /MACHINE:X86 .\Release\FreePcb.res
         .\Release/afxasert.obj
         .\Release/Cuid.obj
         .\Release/DesignRules.obj
         .\Release/DisplayList.obj
         .\Release/DlgAddArea.obj
         .\Release/DlgAddMaskCutout.obj
         .\Release/DlgAddMerge.obj
         .\Release/DlgAddNet.obj
         .\Release/DlgAddPart.obj
         .\Release/DlgAddPin.obj
         .\Release/DlgAddPoly.obj
         .\Release/DlgAddText.obj
         .\Release/DlgAddWidth.obj
         .\Release/DlgAreaLayer.obj
         .\Release/DlgAssignNet.obj
         .\Release/DlgCAD.obj
         .\Release/DlgCentroid.obj
         .\Release/DlgChangeLayer.obj
         .\Release/DlgChooseNetName.obj
         .\Release/DlgCrop.obj
         .\Release/DlgDRC.obj
         .\Release/DlgDupFootprintName.obj
         .\Release/DlgEditBoardCorner.obj
         .\Release/DlgEditNet.obj
         .\Release/DlgExportDsn.obj
         .\Release/DlgFindPart.obj
         .\Release/DlgFpRefText.obj
         .\Release/DlgFpText.obj
         .\Release/DlgGlue.obj
         .\Release/DlgGroupPaste.obj
         .\Release/DlgHole.obj
         .\Release/DlgImportFootprint.obj
         .\Release/DlgImportOptions.obj
         .\Release/DlgImportSes.obj
         .\Release/DlgIndexing.obj
         .\Release/DlgIvex.obj
         .\Release/DlgLayers.obj
         .\Release/DlgLibraryManager.obj
         .\Release/DlgLog.obj
         .\Release/DlgMoveOrigin.obj
         .\Release/DlgMyMessageBox.obj
         .\Release/DlgMyMessageBox2.obj
         .\Release/DlgNetCombine.obj
         .\Release/DlgNetlist.obj
         .\Release/DlgPartlist.obj
         .\Release/DlgProjectOptions.obj
         .\Release/DlgReassignLayers.obj
         .\Release/DlgRefText.obj
         .\Release/DlgReport.obj
         .\Release/DlgSaveFootprint.obj
         .\Release/DlgSaveLib.obj
         .\Release/DlgSetAreaHatch.obj
         .\Release/DlgSetSegmentWidth.obj
         .\Release/DlgSetTraceWidths.obj
         .\Release/DlgShortcuts.obj
         .\Release/DlgSideStyle.obj
         .\Release/DlgSlot.obj
         .\Release/DlgValueText.obj
         .\Release/DlgVia.obj
         .\Release/DlgWizQuad.obj
         .\Release/file_io.obj
         .\Release/FootprintLib.obj
         .\Release/FootprintView.obj
         .\Release/FreePcb.obj
         .\Release/FreePcbDoc.obj
         .\Release/FreePcbView.obj
         .\Release/Gerber.obj
         .\Release/gpc_232.obj
         .\Release/ivex_mod_file.obj
         .\Release/MainFrm.obj
         .\Release/MyToolBar.obj
         .\Release/Net_iter.obj
         .\Release/NetList.obj
         .\Release/PartList.obj
         .\Release/PathDialog.obj
         .\Release/php_polygon.obj
         .\Release/php_polygon_vertex.obj
         .\Release/PolyLine.obj
         .\Release/QAFDebug.obj
         .\Release/RTcall.obj
         .\Release/Shape.obj
         .\Release/smcharacter.obj
         .\Release/smfontutil.obj
         .\Release/StdAfx.obj
         .\Release/TextList.obj
         .\Release/UndoList.obj
         .\Release/utility.obj /MACHINE:I386 
         LINK : указан параметр /LTCG, но не требуется создание кода; удалите /LTCG из командной строки компоновки для повышения производительности компоновщика
         FreePcb.vcxproj -> C:\FreePcbDev\FreePCB_2\.\Release\FreePcb.exe
       FinalizeBuildStatus:
         Файл ".\Release\FreePcb.unsuccessfulbuild" удаляется.
         Обращение к ".\Release\FreePcb.lastbuildstate".
     1>Построение проекта "C:\FreePcbDev\FreePCB_2\FreePcb.vcxproj" завершено (целевые объекты build).

Построение успешно завершено.

Затраченное время: 00:00:28.16
